<?xml version="1.0" encoding="UTF-8"?>
<testsuite name="TestMock" tests="2" skipped="0" failures="0" errors="0" timestamp="2022-07-14T04:51:08" hostname="DESKTOP-A1GF4FR" time="0.138">
  <properties/>
  <testcase name="pruebaMsgIncorrecto()" classname="TestMock" time="0.115"/>
  <testcase name="pruebaMsgCorrecto()" classname="TestMock" time="0.017"/>
  <system-out><![CDATA[]]></system-out>
  <system-err><![CDATA[]]></system-err>
</testsuite>
